# JRE version: Java(TM) SE Runtime Environment (17.0.7+8) (build 17.0.7+8-LTS-224)
# Java VM: Java HotSpot(TM) 64-Bit Server VM (17.0.7+8-LTS-224, mixed mode, sharing, tiered, compressed oops, compressed class ptrs, g1 gc, windows-amd64)
GC Precious Log:
 CPUs: 3 total, 3 available
 Memory: 10178M
 Large Page Support: Disabled
 NUMA Support: Disabled
 Compressed Oops: Enabled (Zero based)
 Heap Region Size: 2M
 Heap Min Capacity: 8M
 Heap Initial Capacity: 160M
 Heap Max Capacity: 2546M
 Pre-touch: Disabled
 Parallel Workers: 3
 Concurrent Workers: 1
 Concurrent Refinement Workers: 3
 Periodic GC: Disabled
Heap:
 garbage-first heap   total 108544K, used 65477K [0x0000000760e00000, 0x0000000800000000)
  region size 2048K, 9 young (18432K), 2 survivors (4096K)
 Metaspace       used 29612K, committed 29952K, reserved 1081344K
  class space    used 3316K, committed 3456K, reserved 1048576K
GC Heap History (20 events):
Event: 13.919 GC heap before
{Heap before GC invocations=3 (full 0):
 garbage-first heap   total 163840K, used 63260K [0x0000000760e00000, 0x0000000800000000)
  region size 2048K, 30 young (61440K), 1 survivors (2048K)
 Metaspace       used 14617K, committed 14784K, reserved 1064960K
  class space    used 1764K, committed 1856K, reserved 1048576K
}
Event: 13.943 GC heap after
{Heap after GC invocations=4 (full 0):
 garbage-first heap   total 163840K, used 8976K [0x0000000760e00000, 0x0000000800000000)
  region size 2048K, 4 young (8192K), 4 survivors (8192K)
 Metaspace       used 14617K, committed 14784K, reserved 1064960K
  class space    used 1764K, committed 1856K, reserved 1048576K
}
Event: 25.170 GC heap before
{Heap before GC invocations=4 (full 0):
 garbage-first heap   total 163840K, used 99088K [0x0000000760e00000, 0x0000000800000000)
  region size 2048K, 48 young (98304K), 4 survivors (8192K)
 Metaspace       used 16111K, committed 16256K, reserved 1064960K
  class space    used 1847K, committed 1920K, reserved 1048576K
}
Event: 25.219 GC heap after
{Heap after GC invocations=5 (full 0):
 garbage-first heap   total 163840K, used 16383K [0x0000000760e00000, 0x0000000800000000)
  region size 2048K, 6 young (12288K), 6 survivors (12288K)
 Metaspace       used 16111K, committed 16256K, reserved 1064960K
  class space    used 1847K, committed 1920K, reserved 1048576K
}
Event: 36.342 GC heap before
{Heap before GC invocations=5 (full 0):
 garbage-first heap   total 163840K, used 49151K [0x0000000760e00000, 0x0000000800000000)
  region size 2048K, 23 young (47104K), 6 survivors (12288K)
 Metaspace       used 19421K, committed 19712K, reserved 1073152K
  class space    used 2211K, committed 2368K, reserved 1048576K
}
Event: 36.384 GC heap after
{Heap after GC invocations=6 (full 0):
 garbage-first heap   total 163840K, used 18601K [0x0000000760e00000, 0x0000000800000000)
  region size 2048K, 2 young (4096K), 2 survivors (4096K)
 Metaspace       used 19421K, committed 19712K, reserved 1073152K
  class space    used 2211K, committed 2368K, reserved 1048576K
}
Event: 38.246 GC heap before
{Heap before GC invocations=6 (full 0):
 garbage-first heap   total 163840K, used 30889K [0x0000000760e00000, 0x0000000800000000)
  region size 2048K, 7 young (14336K), 2 survivors (4096K)
 Metaspace       used 21255K, committed 21504K, reserved 1073152K
  class space    used 2465K, committed 2624K, reserved 1048576K
}
Event: 38.261 GC heap after
{Heap after GC invocations=7 (full 0):
 garbage-first heap   total 163840K, used 26100K [0x0000000760e00000, 0x0000000800000000)
  region size 2048K, 3 young (6144K), 3 survivors (6144K)
 Metaspace       used 21255K, committed 21504K, reserved 1073152K
  class space    used 2465K, committed 2624K, reserved 1048576K
}
Event: 58.637 GC heap before
{Heap before GC invocations=8 (full 0):
 garbage-first heap   total 96256K, used 79348K [0x0000000760e00000, 0x0000000800000000)
  region size 2048K, 30 young (61440K), 3 survivors (6144K)
 Metaspace       used 26185K, committed 26496K, reserved 1073152K
  class space    used 2998K, committed 3136K, reserved 1048576K
}
Event: 58.869 GC heap after
{Heap after GC invocations=9 (full 0):
 garbage-first heap   total 108544K, used 43152K [0x0000000760e00000, 0x0000000800000000)
  region size 2048K, 6 young (12288K), 6 survivors (12288K)
 Metaspace       used 26185K, committed 26496K, reserved 1073152K
  class space    used 2998K, committed 3136K, reserved 1048576K
}
Event: 59.869 GC heap before
{Heap before GC invocations=9 (full 0):
 garbage-first heap   total 108544K, used 45200K [0x0000000760e00000, 0x0000000800000000)
  region size 2048K, 7 young (14336K), 6 survivors (12288K)
 Metaspace       used 26283K, committed 26560K, reserved 1073152K
  class space    used 3003K, committed 3136K, reserved 1048576K
}
Event: 59.898 GC heap after
{Heap after GC invocations=10 (full 0):
 garbage-first heap   total 108544K, used 45498K [0x0000000760e00000, 0x0000000800000000)
  region size 2048K, 1 young (2048K), 1 survivors (2048K)
 Metaspace       used 26283K, committed 26560K, reserved 1073152K
  class space    used 3003K, committed 3136K, reserved 1048576K
}
Event: 67.679 GC heap before
{Heap before GC invocations=10 (full 0):
 garbage-first heap   total 108544K, used 76218K [0x0000000760e00000, 0x0000000800000000)
  region size 2048K, 16 young (32768K), 1 survivors (2048K)
 Metaspace       used 27480K, committed 27840K, reserved 1081344K
  class space    used 3120K, committed 3264K, reserved 1048576K
}
Event: 67.696 GC heap after
{Heap after GC invocations=11 (full 0):
 garbage-first heap   total 108544K, used 49022K [0x0000000760e00000, 0x0000000800000000)
  region size 2048K, 2 young (4096K), 2 survivors (4096K)
 Metaspace       used 27480K, committed 27840K, reserved 1081344K
  class space    used 3120K, committed 3264K, reserved 1048576K
}
Event: 71.873 GC heap before
{Heap before GC invocations=11 (full 0):
 garbage-first heap   total 108544K, used 77694K [0x0000000760e00000, 0x0000000800000000)
  region size 2048K, 17 young (34816K), 2 survivors (4096K)
 Metaspace       used 28922K, committed 29248K, reserved 1081344K
  class space    used 3276K, committed 3456K, reserved 1048576K
}
Event: 71.891 GC heap after
{Heap after GC invocations=12 (full 0):
 garbage-first heap   total 108544K, used 50096K [0x0000000760e00000, 0x0000000800000000)
  region size 2048K, 1 young (2048K), 1 survivors (2048K)
 Metaspace       used 28922K, committed 29248K, reserved 1081344K
  class space    used 3276K, committed 3456K, reserved 1048576K
}
Event: 75.157 GC heap before
{Heap before GC invocations=12 (full 0):
 garbage-first heap   total 108544K, used 80816K [0x0000000760e00000, 0x0000000800000000)
  region size 2048K, 16 young (32768K), 1 survivors (2048K)
 Metaspace       used 29374K, committed 29696K, reserved 1081344K
  class space    used 3306K, committed 3456K, reserved 1048576K
}
Event: 75.174 GC heap after
{Heap after GC invocations=13 (full 0):
 garbage-first heap   total 108544K, used 51753K [0x0000000760e00000, 0x0000000800000000)
  region size 2048K, 2 young (4096K), 2 survivors (4096K)
 Metaspace       used 29374K, committed 29696K, reserved 1081344K
  class space    used 3306K, committed 3456K, reserved 1048576K
}
Event: 76.926 GC heap before
{Heap before GC invocations=14 (full 0):
 garbage-first heap   total 108544K, used 82473K [0x0000000760e00000, 0x0000000800000000)
  region size 2048K, 17 young (34816K), 2 survivors (4096K)
 Metaspace       used 29484K, committed 29760K, reserved 1081344K
  class space    used 3316K, committed 3456K, reserved 1048576K
}
Event: 76.951 GC heap after
{Heap after GC invocations=15 (full 0):
 garbage-first heap   total 108544K, used 53111K [0x0000000760e00000, 0x0000000800000000)
  region size 2048K, 2 young (4096K), 2 survivors (4096K)
 Metaspace       used 29484K, committed 29760K, reserved 1081344K
  class space    used 3316K, committed 3456K, reserved 1048576K
}

